SF:lib\admin\class\group.dart
DA:5,1
DA:15,1
DA:16,2
DA:17,2
DA:18,2
DA:19,2
DA:20,4
DA:23,1
DA:24,1
DA:25,2
DA:26,2
DA:27,2
DA:28,6
DA:32,1
DA:38,1
DA:39,1
DA:40,1
DA:41,1
DA:42,1
DA:45,1
DA:46,1
DA:47,1
DA:48,1
DA:49,3
DA:52,1
DA:53,1
DA:54,1
DA:55,1
DA:56,1
DA:60,1
DA:62,5
LF:31
LH:31
end_of_record
SF:lib\admin\class\simple_group.dart
DA:2,1
DA:11,1
DA:12,2
DA:13,2
DA:14,2
DA:17,1
DA:18,1
DA:19,2
DA:20,2
DA:21,2
DA:25,1
DA:30,1
DA:31,1
DA:32,1
DA:33,1
DA:36,1
DA:37,1
DA:38,1
DA:39,1
DA:42,1
DA:44,4
LF:21
LH:21
end_of_record
SF:lib\admin\providers\group_list_provider.dart
DA:11,1
DA:12,1
DA:14,1
DA:15,3
DA:18,1
DA:19,3
DA:22,1
DA:23,3
DA:26,1
DA:27,1
DA:28,2
DA:29,1
DA:30,6
DA:34,1
DA:35,1
DA:36,2
DA:37,6
DA:38,1
DA:42,0
DA:43,0
DA:44,0
DA:45,0
DA:46,0
DA:52,0
DA:53,0
DA:54,0
DA:55,0
DA:57,0
DA:58,0
DA:59,0
DA:64,0
DA:65,0
DA:66,0
DA:67,0
DA:69,0
DA:70,0
DA:71,0
LF:37
LH:18
end_of_record
SF:lib\admin\repositories\group_repository.dart
DA:16,0
DA:17,0
DA:18,0
DA:21,0
DA:22,0
DA:25,0
DA:26,0
DA:29,0
DA:30,0
DA:33,0
DA:34,0
DA:37,0
DA:38,0
DA:43,0
DA:44,0
DA:45,0
DA:46,0
DA:47,0
DA:48,0
DA:50,0
DA:51,0
DA:53,0
DA:58,0
DA:59,0
DA:60,0
LF:25
LH:0
end_of_record
SF:lib\user\class\list_users.dart
DA:4,7
DA:15,6
DA:16,18
DA:17,18
DA:18,23
DA:19,4
DA:21,12
DA:24,2
DA:25,2
DA:26,4
DA:27,4
DA:28,4
DA:29,4
DA:33,6
DA:39,1
DA:40,1
DA:41,4
DA:43,3
DA:46,3
DA:48,15
DA:51,3
DA:57,3
DA:58,3
DA:59,3
DA:60,3
DA:61,2
LF:26
LH:26
end_of_record
SF:lib\user\class\user.dart
DA:8,2
DA:33,1
DA:34,3
DA:35,3
DA:36,4
DA:37,2
DA:39,2
DA:40,2
DA:41,2
DA:42,2
DA:43,2
DA:44,1
DA:45,4
DA:46,2
DA:47,1
DA:48,4
DA:51,1
DA:52,1
DA:53,2
DA:54,2
DA:55,2
DA:56,2
DA:57,2
DA:58,2
DA:59,2
DA:60,2
DA:61,2
DA:62,2
DA:63,4
DA:67,1
DA:68,1
DA:69,1
DA:70,1
DA:71,1
DA:72,1
DA:73,5
DA:74,1
DA:75,6
DA:76,1
DA:77,1
DA:78,2
DA:81,1
DA:94,1
DA:95,1
DA:96,1
DA:98,1
DA:99,1
DA:100,1
DA:102,1
DA:104,1
DA:105,1
DA:109,1
DA:110,1
DA:111,4
DA:114,1
DA:116,12
DA:119,1
DA:120,1
DA:121,1
DA:122,1
DA:123,1
DA:124,1
DA:125,1
DA:126,1
LF:64
LH:64
end_of_record
SF:lib\tools\cache\cache_manager.dart
DA:8,0
DA:9,0
DA:12,0
DA:13,0
DA:16,0
DA:17,0
DA:20,0
DA:21,0
DA:24,0
DA:25,0
DA:28,0
DA:29,0
DA:31,0
DA:33,0
LF:14
LH:0
end_of_record
SF:lib\tools\exception.dart
DA:10,1
DA:12,1
DA:14,6
LF:3
LH:3
end_of_record
SF:lib\tools\functions.dart
DA:9,0
DA:15,0
DA:23,0
DA:33,0
DA:35,0
DA:36,0
DA:37,0
DA:43,0
DA:45,0
DA:46,0
DA:48,0
DA:49,0
DA:52,0
DA:57,0
DA:58,0
DA:59,0
DA:77,8
DA:78,8
DA:81,40
DA:84,8
DA:85,8
DA:86,8
DA:90,32
DA:91,22
DA:92,8
DA:95,2
DA:96,16
DA:99,1
DA:100,8
DA:103,1
DA:104,1
DA:107,1
DA:108,8
DA:111,1
DA:112,1
DA:115,1
DA:116,2
DA:117,11
DA:119,8
DA:122,1
DA:123,1
DA:126,1
DA:127,2
DA:128,2
DA:130,4
DA:133,4
DA:134,4
DA:137,4
DA:138,12
LF:49
LH:33
end_of_record
SF:lib\tools\repository\repository.dart
DA:12,0
DA:13,0
DA:35,0
DA:36,0
DA:39,0
DA:40,0
DA:44,0
DA:47,0
DA:48,0
DA:50,0
DA:51,0
DA:52,0
DA:54,0
DA:55,0
DA:57,0
DA:58,0
DA:60,0
DA:62,0
DA:63,0
DA:65,0
DA:67,0
DA:68,0
DA:69,0
DA:71,0
DA:72,0
DA:73,0
DA:75,0
DA:77,0
DA:80,0
DA:81,0
DA:83,0
DA:86,0
DA:88,0
DA:89,0
DA:91,0
DA:95,0
DA:96,0
DA:98,0
DA:100,0
DA:102,0
DA:103,0
DA:109,0
DA:112,0
DA:113,0
DA:115,0
DA:116,0
DA:117,0
DA:119,0
DA:120,0
DA:122,0
DA:123,0
DA:125,0
DA:127,0
DA:128,0
DA:130,0
DA:132,0
DA:133,0
DA:134,0
DA:136,0
DA:137,0
DA:138,0
DA:140,0
DA:142,0
DA:145,0
DA:146,0
DA:148,0
DA:151,0
DA:153,0
DA:154,0
DA:156,0
DA:160,0
DA:161,0
DA:163,0
DA:165,0
DA:167,0
DA:168,0
DA:174,0
DA:175,0
DA:176,0
DA:177,0
DA:179,0
DA:180,0
DA:181,0
DA:183,0
DA:185,0
DA:186,0
DA:188,0
DA:190,0
DA:192,0
DA:193,0
DA:194,0
DA:195,0
DA:196,0
DA:197,0
DA:199,0
DA:200,0
DA:201,0
DA:203,0
DA:206,0
DA:208,0
DA:209,0
DA:214,0
DA:215,0
DA:216,0
DA:217,0
DA:219,0
DA:220,0
DA:222,0
DA:223,0
DA:224,0
DA:225,0
DA:227,0
DA:228,0
DA:229,0
DA:231,0
DA:234,0
DA:236,0
DA:237,0
DA:242,0
DA:243,0
DA:244,0
DA:245,0
DA:247,0
DA:248,0
DA:250,0
DA:251,0
DA:252,0
DA:253,0
DA:255,0
DA:256,0
DA:257,0
DA:259,0
DA:262,0
DA:264,0
DA:265,0
LF:135
LH:0
end_of_record
SF:lib\vote\class\members.dart
DA:7,1
DA:14,1
DA:22,1
DA:23,1
DA:24,1
DA:25,1
DA:26,1
DA:27,1
DA:31,1
DA:33,1
DA:34,1
DA:35,1
DA:39,1
DA:40,1
DA:41,1
DA:42,2
DA:43,2
DA:44,2
DA:45,1
DA:46,2
DA:50,1
DA:51,1
DA:52,1
DA:53,1
DA:54,1
DA:55,1
DA:60,1
DA:61,1
DA:70,1
DA:72,6
LF:30
LH:30
end_of_record
SF:lib\vote\class\pretendance.dart
DA:17,1
DA:27,1
DA:36,1
DA:37,1
DA:38,1
DA:39,1
DA:40,1
DA:41,1
DA:42,1
DA:43,1
DA:47,1
DA:48,1
DA:49,1
DA:50,1
DA:51,1
DA:52,5
DA:53,3
DA:54,2
DA:55,1
DA:59,1
DA:60,1
DA:61,1
DA:62,1
DA:63,1
DA:64,2
DA:66,3
DA:67,2
DA:68,1
DA:72,1
DA:73,1
DA:74,1
DA:75,1
DA:76,1
DA:77,2
DA:78,2
DA:79,1
DA:82,1
DA:84,8
LF:38
LH:38
end_of_record
SF:lib\vote\class\section.dart
DA:5,1
DA:11,1
DA:17,1
DA:18,1
DA:19,1
DA:20,1
DA:24,1
DA:25,1
DA:26,1
DA:27,1
DA:28,1
DA:32,1
DA:33,1
DA:34,1
DA:35,1
DA:36,1
DA:40,1
DA:41,1
DA:42,1
DA:43,1
DA:46,1
DA:48,4
LF:22
LH:22
end_of_record
SF:lib\vote\tools\functions.dart
DA:4,1
DA:6,1
DA:8,1
DA:10,1
DA:18,1
DA:20,1
DA:22,1
DA:24,1
DA:26,1
DA:28,1
DA:35,1
DA:37,1
DA:39,1
DA:41,1
DA:43,1
DA:45,1
LF:16
LH:16
end_of_record
SF:lib\vote\class\result.dart
DA:5,1
DA:7,1
DA:8,2
DA:9,2
DA:12,1
DA:13,1
DA:14,2
DA:15,2
DA:19,1
DA:20,1
DA:21,1
DA:24,1
DA:26,3
LF:13
LH:13
end_of_record
SF:lib\vote\class\votes.dart
DA:4,1
DA:6,1
DA:7,1
DA:8,2
DA:12,1
DA:13,1
DA:16,1
DA:18,2
LF:8
LH:8
end_of_record
SF:lib\vote\repositories\status_repository.dart
DA:11,0
DA:12,0
DA:15,0
DA:17,0
DA:24,0
DA:26,0
DA:33,0
DA:35,0
DA:42,0
DA:44,0
DA:51,0
DA:53,0
LF:12
LH:0
end_of_record
SF:lib\tools\providers\list_notifier.dart
DA:5,10
DA:7,5
DA:9,5
DA:10,10
DA:11,5
DA:13,15
DA:14,5
DA:17,5
DA:22,5
DA:23,15
DA:25,5
DA:26,5
DA:27,10
DA:30,10
DA:31,5
DA:37,1
DA:38,1
DA:41,2
DA:44,5
DA:45,5
DA:51,5
DA:53,15
DA:55,5
DA:59,5
DA:60,10
DA:63,10
DA:64,5
DA:70,1
DA:71,1
DA:74,2
DA:77,5
DA:78,5
DA:84,5
DA:86,15
DA:88,5
DA:92,5
DA:93,10
DA:96,10
DA:97,5
DA:103,1
DA:104,1
DA:107,2
DA:110,5
DA:111,5
LF:44
LH:44
end_of_record
SF:lib\tools\token_expire_wrapper.dart
DA:6,0
DA:7,0
DA:8,0
DA:10,0
DA:11,0
DA:12,0
DA:13,0
DA:14,0
DA:17,0
DA:19,0
DA:21,0
DA:23,0
DA:26,0
DA:28,0
DA:33,0
DA:34,0
DA:35,0
DA:37,0
DA:38,0
DA:39,0
DA:40,0
DA:41,0
DA:44,0
DA:46,0
DA:48,0
DA:50,0
DA:53,0
DA:55,0
LF:28
LH:0
end_of_record
SF:lib\user\providers\user_provider.dart
DA:11,1
DA:12,1
DA:14,1
DA:15,2
DA:18,0
DA:19,0
DA:22,1
DA:23,3
DA:26,0
DA:27,0
DA:30,1
DA:31,3
DA:34,1
DA:36,2
DA:37,1
DA:40,0
DA:41,0
DA:45,0
DA:46,0
DA:47,0
DA:48,0
DA:49,0
DA:50,0
DA:51,0
DA:52,0
DA:53,0
DA:54,0
DA:56,0
DA:57,0
DA:63,0
DA:64,0
DA:65,0
DA:68,0
DA:69,0
DA:71,0
DA:72,0
LF:36
LH:11
end_of_record
SF:lib\auth\providers\openid_provider.dart
DA:17,0
DA:18,0
DA:19,0
DA:20,0
DA:21,0
DA:23,0
DA:29,0
DA:31,0
DA:32,0
DA:33,0
DA:34,0
DA:36,0
DA:38,0
DA:41,0
DA:49,0
DA:51,0
DA:52,0
DA:56,0
DA:57,0
DA:59,0
DA:60,0
DA:61,0
DA:62,0
DA:68,0
DA:69,0
DA:70,0
DA:72,0
DA:73,0
DA:74,0
DA:76,0
DA:78,0
DA:83,0
DA:84,0
DA:86,0
DA:87,0
DA:88,0
DA:90,0
DA:93,0
DA:99,0
DA:100,0
DA:101,0
DA:102,0
DA:103,0
DA:105,0
DA:106,0
DA:109,0
DA:112,0
DA:113,0
DA:118,0
DA:119,0
DA:120,0
DA:121,0
DA:123,0
DA:126,0
DA:147,0
DA:149,0
DA:150,0
DA:153,0
DA:156,0
DA:157,0
DA:160,0
DA:163,0
DA:165,0
DA:166,0
DA:167,0
DA:168,0
DA:171,0
DA:174,0
DA:176,0
DA:179,0
DA:180,0
DA:182,0
DA:183,0
DA:184,0
DA:186,0
DA:190,0
DA:191,0
DA:192,0
DA:193,0
DA:194,0
DA:195,0
DA:196,0
DA:197,0
DA:198,0
DA:201,0
DA:203,0
DA:204,0
DA:210,0
DA:211,0
DA:212,0
DA:217,0
DA:218,0
DA:219,0
DA:220,0
DA:221,0
DA:222,0
DA:226,0
DA:227,0
DA:228,0
DA:229,0
DA:232,0
DA:236,0
DA:240,0
DA:241,0
DA:242,0
DA:246,0
DA:247,0
DA:248,0
DA:249,0
DA:250,0
DA:251,0
DA:252,0
DA:253,0
DA:256,0
DA:257,0
DA:258,0
DA:259,0
DA:260,0
DA:264,0
DA:265,0
DA:266,0
DA:268,0
DA:270,0
DA:274,0
DA:277,0
DA:282,0
DA:283,0
DA:284,0
DA:285,0
DA:286,0
DA:287,0
DA:288,0
DA:291,0
DA:293,0
DA:294,0
DA:295,0
DA:298,0
DA:303,0
DA:304,0
DA:305,0
DA:306,0
DA:307,0
DA:308,0
DA:309,0
DA:310,0
DA:311,0
DA:312,0
DA:313,0
DA:317,0
DA:318,0
DA:319,0
DA:321,0
DA:324,0
DA:328,0
DA:332,0
DA:333,0
DA:336,0
DA:342,0
DA:343,0
DA:344,0
DA:345,0
DA:346,0
DA:349,0
DA:350,0
DA:354,0
DA:356,0
DA:357,0
DA:358,0
DA:359,0
DA:361,0
LF:170
LH:0
end_of_record
SF:lib\auth\providers\is_connected_provider.dart
DA:8,0
DA:10,0
DA:12,0
DA:13,0
DA:15,0
DA:20,0
DA:21,0
DA:22,0
DA:23,0
LF:9
LH:0
end_of_record
SF:lib\auth\repository\openid_repository.dart
DA:8,0
DA:10,0
DA:13,0
DA:19,0
DA:25,0
DA:27,0
DA:28,0
DA:29,0
DA:30,0
DA:31,0
DA:33,0
DA:35,0
DA:36,0
LF:13
LH:0
end_of_record
SF:lib\tools\providers\asking_refresh_token_provider.dart
DA:4,0
DA:6,0
DA:7,0
DA:11,0
DA:12,0
DA:13,0
LF:6
LH:0
end_of_record
SF:lib\tools\providers\single_notifier.dart
DA:5,4
DA:7,2
DA:9,2
DA:10,4
DA:11,2
DA:13,6
DA:14,2
DA:17,2
DA:22,2
DA:23,6
DA:25,2
DA:26,4
DA:29,2
DA:30,1
DA:36,0
DA:37,0
DA:40,0
DA:43,2
DA:44,2
DA:50,2
DA:51,6
DA:53,2
DA:57,4
DA:60,4
DA:61,2
DA:67,0
DA:68,0
DA:71,0
DA:74,2
DA:75,2
DA:81,1
DA:83,3
DA:85,1
DA:89,1
DA:92,2
DA:93,1
DA:99,0
DA:100,0
DA:103,0
DA:106,1
DA:107,1
LF:41
LH:32
end_of_record
SF:lib\user\class\applicant.dart
DA:7,3
DA:16,6
DA:17,6
DA:18,6
DA:19,6
DA:22,1
DA:24,1
DA:25,2
DA:26,2
DA:27,2
DA:28,2
DA:32,3
DA:41,3
DA:42,3
DA:43,3
DA:44,3
DA:45,1
DA:46,3
DA:47,3
DA:48,3
DA:51,3
DA:52,3
DA:53,3
DA:54,3
DA:55,3
DA:58,3
DA:60,24
LF:27
LH:27
end_of_record
SF:lib\user\repositories\user_repository.dart
DA:19,0
DA:20,0
DA:23,0
DA:24,0
DA:27,0
DA:28,0
DA:31,0
DA:32,0
DA:35,0
DA:36,0
DA:39,0
DA:40,0
DA:43,0
DA:46,0
DA:50,0
DA:56,0
DA:58,0
DA:59,0
DA:60,0
DA:61,0
DA:63,0
DA:65,0
DA:67,0
DA:71,0
DA:72,0
DA:74,0
DA:75,0
DA:77,0
DA:79,0
DA:80,0
DA:83,0
DA:84,0
DA:88,0
DA:90,0
DA:91,0
DA:92,0
DA:93,0
DA:94,0
DA:95,0
DA:96,0
DA:97,0
DA:98,0
DA:99,0
DA:100,0
DA:101,0
DA:102,0
DA:103,0
DA:104,0
DA:105,0
DA:107,0
DA:108,0
DA:110,0
DA:112,0
DA:113,0
DA:116,0
DA:117,0
DA:121,0
DA:123,0
DA:131,0
DA:132,0
DA:133,0
LF:61
LH:0
end_of_record
SF:lib\amap\class\cash.dart
DA:4,1
DA:8,1
DA:9,2
DA:10,3
DA:13,1
DA:14,1
DA:15,2
DA:19,1
DA:20,3
DA:23,3
DA:25,1
DA:27,3
LF:12
LH:12
end_of_record
SF:lib\amap\class\delivery.dart
DA:13,1
DA:25,1
DA:26,3
DA:27,1
DA:28,5
DA:29,2
DA:30,3
DA:31,1
DA:34,1
DA:35,1
DA:36,3
DA:37,6
DA:38,3
DA:39,2
DA:43,1
DA:49,1
DA:50,1
DA:51,1
DA:52,1
DA:53,1
DA:54,1
DA:57,2
DA:58,1
DA:59,1
DA:64,1
DA:66,6
LF:26
LH:26
end_of_record
SF:lib\amap\class\information.dart
DA:2,1
DA:11,1
DA:12,2
DA:13,2
DA:14,2
DA:17,1
DA:18,1
DA:19,2
DA:20,2
DA:21,2
DA:25,1
DA:30,1
DA:31,1
DA:32,1
DA:33,1
DA:37,2
DA:43,1
DA:45,4
LF:18
LH:18
end_of_record
SF:lib\amap\class\order.dart
DA:9,1
DA:34,1
DA:35,2
DA:36,2
DA:37,2
DA:38,2
DA:39,2
DA:40,4
DA:41,1
DA:42,1
DA:43,6
DA:44,1
DA:45,6
DA:46,3
DA:47,3
DA:48,3
DA:49,3
DA:52,1
DA:53,1
DA:54,2
DA:55,2
DA:56,2
DA:57,3
DA:58,3
DA:59,2
DA:60,3
DA:61,6
DA:62,3
DA:66,1
DA:77,1
DA:78,1
DA:79,1
DA:80,1
DA:82,5
DA:83,1
DA:85,1
DA:86,4
DA:87,1
DA:88,1
DA:89,1
DA:90,1
DA:91,1
DA:92,1
DA:93,1
DA:94,1
DA:97,1
DA:98,1
DA:100,1
DA:101,1
DA:102,1
DA:103,1
DA:105,1
DA:110,1
DA:113,1
DA:115,13
LF:55
LH:55
end_of_record
SF:lib\amap\class\product.dart
DA:2,1
DA:15,1
DA:16,1
DA:17,2
DA:18,3
DA:19,3
DA:20,3
DA:21,3
DA:23,2
DA:24,2
DA:25,2
DA:26,1
DA:27,2
DA:31,1
DA:37,1
DA:38,1
DA:39,1
DA:40,1
DA:41,1
DA:42,1
DA:45,1
DA:46,1
DA:47,2
DA:48,2
DA:49,2
DA:50,2
DA:51,2
DA:55,1
DA:56,1
DA:65,1
DA:67,6
LF:31
LH:31
end_of_record
SF:lib\amap\providers\delivery_list_provider.dart
DA:9,1
DA:10,1
DA:11,1
DA:12,3
DA:15,1
DA:16,3
DA:19,1
DA:20,1
DA:21,2
DA:22,1
DA:23,6
DA:27,0
DA:28,0
DA:29,0
DA:30,0
DA:31,0
DA:32,0
DA:36,0
DA:37,0
DA:38,0
DA:39,0
DA:40,0
DA:41,0
DA:45,0
DA:46,0
DA:47,0
DA:48,0
DA:49,0
DA:50,0
DA:54,0
DA:55,0
DA:56,0
DA:57,0
DA:58,0
DA:59,0
DA:63,1
DA:64,1
DA:65,2
DA:66,1
DA:67,5
DA:68,1
DA:72,0
DA:73,0
DA:74,0
DA:75,0
DA:76,0
DA:77,0
DA:78,0
DA:80,0
DA:81,0
DA:83,0
DA:84,0
DA:90,0
DA:91,0
DA:92,0
DA:93,0
DA:95,0
DA:96,0
DA:98,0
DA:99,0
DA:105,0
DA:106,0
DA:107,0
DA:108,0
DA:109,0
DA:111,0
DA:112,0
DA:117,0
DA:118,0
DA:119,0
DA:120,0
DA:121,0
DA:122,0
LF:73
LH:17
end_of_record
SF:lib\amap\providers\delivery_product_list_provider.dart
DA:8,1
DA:9,1
DA:11,1
DA:13,2
DA:16,1
DA:17,1
DA:18,3
DA:22,1
DA:23,1
DA:24,3
DA:25,1
DA:26,6
DA:30,1
DA:31,1
DA:32,3
DA:33,6
DA:34,1
DA:38,0
DA:39,0
DA:40,0
DA:41,0
DA:42,0
DA:43,0
DA:48,0
DA:49,0
DA:50,0
DA:51,0
DA:52,0
LF:28
LH:17
end_of_record
SF:lib\amap\providers\information_provider.dart
DA:9,1
DA:10,1
DA:11,1
DA:12,3
DA:15,1
DA:16,3
DA:19,1
DA:20,3
DA:23,1
DA:24,1
DA:25,2
DA:29,0
DA:30,0
DA:31,0
DA:33,0
DA:34,0
DA:35,0
LF:17
LH:11
end_of_record
SF:lib\amap\providers\orders_by_delivery_provider.dart
DA:8,1
DA:9,1
DA:11,1
DA:13,1
DA:14,3
DA:18,0
DA:19,0
DA:20,0
DA:21,0
DA:22,0
LF:10
LH:5
end_of_record
SF:lib\amap\providers\product_list_provider.dart
DA:9,1
DA:10,1
DA:12,1
DA:13,3
DA:16,1
DA:17,3
DA:20,1
DA:21,1
DA:22,2
DA:23,1
DA:24,6
DA:28,1
DA:29,1
DA:30,2
DA:31,6
DA:32,1
DA:37,0
DA:38,0
DA:39,0
DA:40,0
DA:42,0
DA:43,0
DA:44,0
LF:23
LH:16
end_of_record
SF:lib\amap\providers\user_amount_provider.dart
DA:10,1
DA:11,1
DA:13,1
DA:14,4
DA:17,0
DA:18,0
DA:19,0
DA:20,0
DA:21,0
DA:22,0
DA:23,0
DA:24,0
DA:30,0
DA:31,0
DA:33,0
DA:35,0
DA:36,0
DA:37,0
DA:38,0
DA:39,0
LF:20
LH:4
end_of_record
SF:lib\amap\providers\user_order_list_provider.dart
DA:14,1
DA:16,1
DA:18,1
DA:19,4
DA:22,1
DA:24,1
DA:25,3
DA:28,1
DA:29,3
DA:32,1
DA:33,1
DA:34,2
DA:35,1
DA:36,6
DA:40,1
DA:41,1
DA:42,2
DA:43,6
DA:44,1
DA:48,0
DA:50,0
DA:51,0
DA:52,0
DA:53,0
DA:54,0
DA:55,0
DA:56,0
DA:58,0
DA:59,0
DA:61,0
DA:62,0
DA:68,0
DA:69,0
DA:70,0
DA:71,0
DA:72,0
DA:73,0
DA:75,0
DA:76,0
DA:78,0
DA:79,0
DA:85,0
DA:87,0
DA:88,0
DA:90,0
DA:91,0
DA:92,0
DA:93,0
DA:96,0
DA:100,0
DA:101,0
DA:102,0
DA:105,0
DA:109,0
DA:110,0
DA:117,0
DA:120,0
DA:121,0
DA:122,0
DA:123,0
DA:126,0
DA:127,0
DA:129,0
DA:130,0
DA:135,0
DA:140,0
DA:141,0
DA:142,0
DA:143,0
DA:145,0
DA:146,0
DA:148,0
DA:155,0
DA:156,0
DA:157,0
DA:158,0
DA:159,0
DA:160,0
DA:163,0
DA:164,0
DA:165,0
DA:166,0
LF:82
LH:19
end_of_record
SF:lib\amap\repositories\amap_user_repository.dart
DA:12,0
DA:13,0
DA:14,0
DA:17,0
DA:18,0
DA:22,0
DA:23,0
DA:24,0
LF:8
LH:0
end_of_record
SF:lib\amap\repositories\cash_repository.dart
DA:11,0
DA:12,0
DA:15,0
DA:16,0
DA:19,0
DA:20,0
DA:23,0
DA:24,0
DA:28,0
DA:29,0
DA:30,0
LF:11
LH:0
end_of_record
SF:lib\amap\repositories\delivery_list_repository.dart
DA:12,0
DA:13,0
DA:14,0
DA:17,0
DA:18,0
DA:21,0
DA:22,0
DA:25,0
DA:26,0
DA:29,0
DA:30,0
DA:33,0
DA:34,0
DA:37,0
DA:38,0
DA:41,0
DA:42,0
DA:45,0
DA:46,0
DA:49,0
DA:51,0
DA:52,0
DA:53,0
DA:57,0
DA:58,0
DA:59,0
LF:26
LH:0
end_of_record
SF:lib\amap\repositories\delivery_product_list_repository.dart
DA:11,0
DA:12,0
DA:15,0
DA:16,0
DA:19,0
DA:20,0
DA:24,0
DA:25,0
DA:26,0
LF:9
LH:0
end_of_record
SF:lib\amap\repositories\information_repository.dart
DA:11,0
DA:12,0
DA:15,0
DA:16,0
DA:19,0
DA:20,0
DA:23,0
DA:24,0
DA:28,0
DA:29,0
DA:30,0
LF:11
LH:0
end_of_record
SF:lib\amap\repositories\order_list_repository.dart
DA:11,0
DA:12,0
DA:15,0
DA:16,0
DA:19,0
DA:20,0
DA:23,0
DA:24,0
DA:25,0
DA:28,0
DA:29,0
DA:30,0
DA:31,0
DA:35,0
DA:36,0
DA:37,0
LF:16
LH:0
end_of_record
SF:lib\amap\repositories\product_repository.dart
DA:11,0
DA:12,0
DA:15,0
DA:16,0
DA:19,0
DA:20,0
DA:23,0
DA:24,0
DA:27,0
DA:28,0
DA:32,0
DA:33,0
DA:34,0
LF:13
LH:0
end_of_record
SF:lib\amap\tools\functions.dart
DA:4,1
DA:6,1
DA:8,1
DA:13,1
DA:15,1
DA:17,1
DA:24,1
DA:26,1
DA:28,1
DA:30,1
DA:32,1
DA:37,1
DA:39,1
DA:41,1
DA:43,1
DA:45,1
LF:16
LH:16
end_of_record
SF:lib\booking\class\booking.dart
DA:22,1
DA:36,1
DA:37,1
DA:38,1
DA:39,1
DA:40,2
DA:41,2
DA:42,1
DA:43,2
DA:44,1
DA:45,2
DA:46,1
DA:47,1
DA:48,1
DA:49,1
DA:50,2
DA:51,3
DA:53,2
DA:56,1
DA:57,1
DA:58,2
DA:59,2
DA:60,3
DA:61,3
DA:62,2
DA:63,3
DA:64,2
DA:65,3
DA:66,2
DA:67,2
DA:68,2
DA:72,1
DA:85,1
DA:86,1
DA:87,1
DA:88,1
DA:89,1
DA:90,1
DA:91,1
DA:92,1
DA:93,1
DA:94,1
DA:95,1
DA:96,1
DA:97,1
DA:100,1
DA:101,1
DA:104,1
DA:105,1
DA:107,1
DA:112,1
DA:116,1
DA:118,13
LF:53
LH:53
end_of_record
SF:lib\booking\class\room.dart
DA:5,1
DA:7,1
DA:8,2
DA:9,2
DA:12,1
DA:13,1
DA:14,2
DA:15,2
DA:19,1
DA:20,1
DA:21,1
DA:22,1
DA:26,2
DA:28,1
DA:30,3
LF:15
LH:15
end_of_record
SF:lib\booking\providers\booking_list_provider.dart
DA:13,1
DA:15,1
DA:17,1
DA:18,3
DA:21,1
DA:22,4
DA:25,1
DA:26,3
DA:29,1
DA:30,1
DA:31,2
DA:32,1
DA:33,6
DA:37,1
DA:38,1
DA:39,2
DA:40,6
DA:41,1
DA:45,0
DA:46,0
DA:47,0
DA:48,0
DA:49,0
DA:50,0
DA:54,0
DA:55,0
DA:56,0
DA:57,0
DA:58,0
DA:59,0
DA:61,0
DA:62,0
DA:64,0
DA:66,0
DA:67,0
LF:35
LH:18
end_of_record
SF:lib\booking\providers\confirmed_booking_list_provider.dart
DA:9,1
DA:10,1
DA:12,1
DA:13,1
DA:14,3
DA:17,0
DA:18,0
DA:21,0
DA:22,0
DA:23,0
DA:24,0
DA:25,0
DA:26,0
DA:30,0
DA:31,0
DA:32,0
DA:33,0
DA:34,0
DA:39,0
DA:40,0
DA:41,0
DA:43,0
DA:44,0
DA:45,0
LF:24
LH:5
end_of_record
SF:lib\booking\providers\room_list_provider.dart
DA:9,1
DA:10,1
DA:12,1
DA:13,3
DA:16,1
DA:17,3
DA:20,1
DA:21,1
DA:22,2
DA:23,1
DA:24,6
DA:28,1
DA:29,1
DA:30,2
DA:31,6
DA:32,1
DA:37,0
DA:38,0
DA:39,0
DA:40,0
DA:41,0
DA:42,0
LF:22
LH:16
end_of_record
SF:lib\booking\repositories\booking_repository.dart
DA:11,0
DA:12,0
DA:13,0
DA:16,0
DA:17,0
DA:20,0
DA:21,0
DA:24,0
DA:25,0
DA:26,0
DA:29,0
DA:30,0
DA:33,0
DA:34,0
DA:35,0
DA:38,0
DA:39,0
DA:40,0
DA:44,0
DA:45,0
DA:46,0
LF:21
LH:0
end_of_record
SF:lib\booking\repositories\rooms_repository.dart
DA:11,0
DA:12,0
DA:15,0
DA:16,0
DA:19,0
DA:20,0
DA:23,0
DA:24,0
DA:27,0
DA:28,0
DA:32,0
DA:33,0
DA:34,0
LF:13
LH:0
end_of_record
SF:lib\booking\repositories\user_booking_repository.dart
DA:11,0
DA:12,0
DA:13,0
DA:17,0
DA:18,0
DA:19,0
LF:6
LH:0
end_of_record
SF:lib\booking\tools\functions.dart
DA:8,2
DA:10,2
DA:12,1
DA:14,1
DA:21,0
DA:23,0
DA:25,0
DA:27,0
DA:34,0
DA:35,0
DA:36,0
DA:37,0
DA:38,0
DA:40,0
DA:44,0
DA:46,0
DA:47,0
DA:49,0
DA:50,0
DA:51,0
DA:53,0
DA:56,0
DA:65,0
DA:67,0
DA:68,0
DA:69,0
DA:71,0
DA:72,0
DA:73,0
DA:74,0
DA:75,0
DA:78,0
DA:80,0
DA:81,0
DA:84,0
DA:86,0
DA:88,0
DA:90,0
DA:93,0
DA:95,0
DA:101,0
DA:103,0
DA:104,0
DA:106,0
DA:110,0
DA:111,0
DA:112,0
DA:115,0
DA:116,0
DA:119,1
DA:120,2
DA:121,1
DA:123,0
DA:124,0
DA:125,0
DA:126,0
DA:127,0
DA:129,0
DA:133,0
DA:134,0
LF:60
LH:7
end_of_record
SF:lib\booking\providers\is_booking_admin_provider.dart
DA:4,0
DA:5,0
DA:6,0
DA:7,0
DA:8,0
LF:5
LH:0
end_of_record
SF:lib\event\tools\functions.dart
DA:5,1
DA:7,1
DA:9,1
DA:11,1
DA:13,1
DA:15,1
DA:17,1
DA:22,1
DA:24,1
DA:26,1
DA:28,1
DA:30,1
DA:32,1
DA:34,1
DA:41,1
DA:42,7
DA:45,1
DA:46,1
DA:47,8
DA:48,6
DA:49,1
DA:52,1
DA:53,1
DA:54,1
DA:55,3
DA:56,9
DA:58,13
DA:62,1
DA:63,1
DA:64,1
DA:65,3
DA:68,1
DA:69,1
DA:70,1
DA:71,3
DA:72,2
DA:74,3
DA:78,1
DA:80,1
DA:82,1
DA:84,1
DA:86,1
DA:88,1
DA:90,1
DA:92,1
DA:94,1
DA:96,1
DA:98,1
DA:100,1
DA:102,1
DA:104,1
DA:111,1
DA:113,1
DA:114,1
DA:116,1
DA:117,3
DA:118,7
DA:120,13
DA:123,1
DA:132,1
DA:134,1
DA:135,5
DA:136,4
DA:138,2
DA:139,4
DA:140,4
DA:141,3
DA:142,1
DA:145,7
DA:147,4
DA:149,2
DA:151,4
DA:153,1
DA:155,4
DA:158,4
DA:160,1
DA:166,1
DA:167,4
DA:170,1
DA:171,6
DA:174,1
DA:175,1
DA:176,1
DA:178,1
DA:181,1
DA:182,2
DA:185,1
DA:186,1
DA:187,2
DA:188,4
DA:189,2
DA:190,5
DA:191,2
DA:192,4
DA:193,2
DA:195,2
DA:196,2
DA:197,1
DA:199,1
DA:201,1
DA:202,1
DA:203,1
DA:204,2
DA:205,1
DA:206,5
DA:208,4
LF:106
LH:106
end_of_record
SF:lib\event\class\event.dart
DA:32,1
DA:49,1
DA:50,2
DA:51,2
DA:52,2
DA:53,3
DA:54,3
DA:55,2
DA:56,2
DA:57,3
DA:58,2
DA:59,2
DA:60,2
DA:61,4
DA:62,3
DA:63,2
DA:66,1
DA:67,1
DA:68,2
DA:69,2
DA:70,2
DA:71,3
DA:72,3
DA:73,2
DA:74,2
DA:75,3
DA:76,2
DA:77,2
DA:78,3
DA:79,5
DA:80,2
DA:84,1
DA:100,1
DA:101,1
DA:102,1
DA:103,1
DA:104,1
DA:105,1
DA:106,1
DA:107,1
DA:108,1
DA:109,1
DA:110,1
DA:111,1
DA:112,1
DA:113,1
DA:114,1
DA:118,1
DA:119,1
DA:120,1
DA:121,1
DA:122,2
DA:123,2
DA:124,1
DA:125,1
DA:126,1
DA:127,1
DA:128,1
DA:129,1
DA:130,2
DA:131,1
DA:132,1
DA:135,1
DA:137,15
LF:64
LH:64
end_of_record
SF:lib\cinema\class\session.dart
DA:12,1
DA:21,1
DA:22,2
DA:23,2
DA:24,3
DA:25,2
DA:26,2
DA:27,2
DA:28,2
DA:31,1
DA:32,1
DA:33,2
DA:34,2
DA:35,3
DA:36,2
DA:37,2
DA:38,2
DA:39,2
DA:43,1
DA:51,1
DA:52,1
DA:53,1
DA:54,1
DA:55,1
DA:56,1
DA:57,1
DA:58,1
DA:61,1
DA:62,1
DA:65,1
DA:72,1
DA:74,8
LF:32
LH:32
end_of_record
SF:lib\cinema\providers\session_list_provider.dart
DA:9,1
DA:10,1
DA:12,1
DA:13,3
DA:16,1
DA:17,3
DA:20,1
DA:21,1
DA:22,2
DA:23,1
DA:24,6
DA:28,1
DA:29,1
DA:30,2
DA:31,6
DA:32,1
DA:37,0
DA:38,0
DA:39,0
DA:40,0
DA:41,0
DA:43,0
DA:44,0
LF:23
LH:16
end_of_record
SF:lib\cinema\repositories\session_repository.dart
DA:11,0
DA:12,0
DA:15,0
DA:16,0
DA:19,0
DA:20,0
DA:23,0
DA:24,0
DA:27,0
DA:28,0
DA:32,0
DA:33,0
DA:34,0
LF:13
LH:0
end_of_record
SF:lib\loan\class\item.dart
DA:2,1
DA:15,1
DA:16,2
DA:17,2
DA:18,2
DA:19,2
DA:20,2
DA:23,1
DA:24,1
DA:25,2
DA:26,2
DA:27,2
DA:28,2
DA:29,2
DA:33,1
DA:39,1
DA:40,1
DA:41,1
DA:42,1
DA:43,1
DA:45,1
DA:48,1
DA:49,1
DA:50,1
DA:51,1
DA:52,1
DA:53,1
DA:56,1
DA:58,6
LF:29
LH:29
end_of_record
SF:lib\loan\class\loan.dart
DA:7,1
DA:28,1
DA:29,2
DA:30,3
DA:31,3
DA:32,2
DA:33,3
DA:34,3
DA:35,2
DA:36,6
DA:37,2
DA:40,1
DA:41,1
DA:42,2
DA:43,3
DA:44,3
DA:45,2
DA:46,3
DA:47,3
DA:48,2
DA:49,6
DA:53,1
DA:63,1
DA:64,1
DA:65,1
DA:66,1
DA:67,1
DA:68,1
DA:69,1
DA:70,1
DA:71,1
DA:72,1
DA:75,1
DA:76,1
DA:77,2
DA:78,2
DA:79,1
DA:80,2
DA:81,2
DA:82,1
DA:83,2
DA:84,1
DA:87,1
DA:89,10
LF:44
LH:44
end_of_record
SF:lib\loan\class\loaner.dart
DA:2,1
DA:11,1
DA:12,2
DA:13,2
DA:14,2
DA:17,1
DA:18,1
DA:19,2
DA:20,2
DA:21,2
DA:25,1
DA:26,1
DA:27,1
DA:28,1
DA:29,1
DA:33,1
DA:34,1
DA:35,1
DA:36,1
DA:39,1
DA:41,4
LF:21
LH:21
end_of_record
SF:lib\event\providers\event_list_provider.dart
DA:10,1
DA:11,1
DA:13,1
DA:14,3
DA:17,1
DA:18,3
DA:21,1
DA:22,1
DA:23,2
DA:24,1
DA:25,6
DA:29,1
DA:30,1
DA:31,2
DA:32,6
DA:33,1
DA:37,0
DA:38,0
DA:39,0
DA:40,0
DA:41,0
DA:42,0
DA:46,0
DA:47,0
DA:48,0
DA:50,0
DA:51,0
DA:52,0
LF:28
LH:16
end_of_record
SF:lib\event\repositories\event_repository.dart
DA:12,0
DA:13,0
DA:16,0
DA:17,0
DA:18,0
DA:21,0
DA:22,0
DA:23,0
DA:26,0
DA:27,0
DA:28,0
DA:31,0
DA:32,0
DA:35,0
DA:36,0
DA:39,0
DA:40,0
DA:43,0
DA:44,0
DA:48,0
DA:49,0
DA:50,0
LF:22
LH:0
end_of_record
SF:lib\login\class\create_account.dart
DA:13,1
DA:24,1
DA:25,2
DA:26,2
DA:27,2
DA:28,2
DA:29,3
DA:30,4
DA:31,2
DA:32,2
DA:35,1
DA:36,1
DA:37,2
DA:38,2
DA:39,2
DA:40,2
DA:41,3
DA:42,2
DA:43,2
DA:44,2
DA:48,1
DA:59,1
DA:60,1
DA:61,1
DA:62,1
DA:63,1
DA:64,1
DA:65,1
DA:66,1
DA:67,1
DA:71,1
DA:73,9
LF:32
LH:32
end_of_record
SF:lib\login\class\recover_request.dart
DA:5,1
DA:10,1
DA:11,2
DA:12,2
DA:15,1
DA:16,1
DA:17,2
DA:18,2
DA:22,1
DA:26,1
DA:27,1
DA:28,1
DA:32,1
DA:34,3
LF:14
LH:14
end_of_record
SF:lib\version\class\version.dart
DA:2,1
DA:11,1
DA:12,2
DA:13,2
DA:14,2
DA:17,1
DA:18,1
DA:19,2
DA:20,2
DA:21,2
DA:25,1
LF:11
LH:11
end_of_record
