SF:lib\admin\providers\admin_page_provider.dart
DA:5,0
DA:6,0
DA:7,0
DA:11,2
DA:13,1
DA:14,1
LF:6
LH:3
end_of_record
SF:lib\admin\class\group.dart
DA:5,2
DA:15,1
DA:16,2
DA:17,2
DA:18,2
DA:19,2
DA:20,4
DA:23,1
DA:24,1
DA:25,2
DA:26,2
DA:27,2
DA:28,6
DA:32,2
DA:38,2
DA:39,1
DA:40,2
DA:41,1
DA:42,2
DA:45,2
DA:46,2
DA:47,2
DA:48,2
DA:49,6
DA:52,1
DA:53,1
DA:54,1
DA:55,1
DA:56,1
DA:60,1
DA:62,5
LF:31
LH:31
end_of_record
SF:lib\admin\class\simple_group.dart
DA:2,6
DA:11,1
DA:12,2
DA:13,2
DA:14,2
DA:17,1
DA:18,1
DA:19,2
DA:20,2
DA:21,2
DA:25,6
DA:30,6
DA:31,2
DA:32,6
DA:33,1
DA:36,6
DA:37,6
DA:38,6
DA:39,6
DA:42,1
DA:44,4
LF:21
LH:21
end_of_record
SF:lib\admin\repositories\group_repository.dart
DA:16,0
DA:17,0
DA:18,0
DA:21,0
DA:22,0
DA:25,0
DA:26,0
DA:29,0
DA:30,0
DA:33,0
DA:34,0
DA:37,0
DA:38,0
DA:43,0
DA:44,0
DA:45,0
DA:46,0
DA:47,0
DA:49,0
DA:50,0
DA:52,0
DA:57,0
DA:58,0
DA:59,0
LF:24
LH:0
end_of_record
SF:lib\user\class\list_users.dart
DA:4,11
DA:15,6
DA:16,18
DA:17,18
DA:18,23
DA:19,4
DA:21,12
DA:24,2
DA:25,2
DA:26,4
DA:27,4
DA:28,4
DA:29,4
DA:33,17
DA:39,1
DA:40,1
DA:41,4
DA:43,3
DA:46,3
DA:48,15
DA:51,7
DA:57,7
DA:58,3
DA:59,6
DA:60,7
DA:61,3
LF:26
LH:26
end_of_record
SF:lib\user\class\user.dart
DA:8,6
DA:33,1
DA:34,3
DA:35,3
DA:36,4
DA:37,2
DA:39,2
DA:40,2
DA:41,2
DA:42,2
DA:43,2
DA:44,1
DA:45,4
DA:46,2
DA:47,1
DA:48,4
DA:51,1
DA:52,1
DA:53,2
DA:54,2
DA:55,2
DA:56,2
DA:57,2
DA:58,2
DA:59,2
DA:60,2
DA:61,2
DA:62,2
DA:63,4
DA:67,5
DA:68,5
DA:69,5
DA:70,5
DA:71,5
DA:72,5
DA:73,25
DA:74,5
DA:75,30
DA:76,5
DA:77,5
DA:78,10
DA:81,5
DA:94,5
DA:95,5
DA:96,5
DA:98,5
DA:99,5
DA:100,5
DA:102,5
DA:104,5
DA:105,1
DA:109,1
DA:110,1
DA:111,4
DA:114,1
DA:116,12
DA:119,1
DA:120,1
DA:121,1
DA:122,1
DA:123,1
DA:124,1
DA:125,1
DA:126,1
LF:64
LH:64
end_of_record
SF:lib\auth\providers\openid_provider.dart
DA:17,0
DA:18,0
DA:19,0
DA:20,0
DA:21,0
DA:23,0
DA:29,0
DA:31,0
DA:32,0
DA:33,0
DA:34,0
DA:36,0
DA:38,0
DA:41,0
DA:49,0
DA:51,0
DA:52,0
DA:56,0
DA:57,0
DA:59,0
DA:60,0
DA:61,0
DA:62,0
DA:68,0
DA:69,0
DA:70,0
DA:72,0
DA:73,0
DA:74,0
DA:76,0
DA:78,0
DA:83,0
DA:84,0
DA:86,0
DA:87,0
DA:88,0
DA:90,0
DA:93,0
DA:99,0
DA:100,0
DA:101,0
DA:102,0
DA:103,0
DA:105,0
DA:106,0
DA:109,0
DA:112,0
DA:113,0
DA:118,0
DA:119,0
DA:120,0
DA:121,0
DA:123,0
DA:126,0
DA:147,0
DA:149,0
DA:150,0
DA:153,0
DA:156,0
DA:157,0
DA:160,0
DA:163,0
DA:165,0
DA:166,0
DA:167,0
DA:168,0
DA:171,0
DA:174,0
DA:176,0
DA:179,0
DA:180,0
DA:182,0
DA:183,0
DA:184,0
DA:186,0
DA:190,0
DA:191,0
DA:192,0
DA:193,0
DA:194,0
DA:195,0
DA:196,0
DA:197,0
DA:198,0
DA:201,0
DA:203,0
DA:204,0
DA:210,0
DA:211,0
DA:212,0
DA:217,0
DA:218,0
DA:219,0
DA:220,0
DA:221,0
DA:222,0
DA:226,0
DA:227,0
DA:228,0
DA:229,0
DA:232,0
DA:236,0
DA:240,0
DA:241,0
DA:242,0
DA:246,0
DA:247,0
DA:248,0
DA:249,0
DA:250,0
DA:251,0
DA:252,0
DA:253,0
DA:256,0
DA:257,0
DA:258,0
DA:259,0
DA:260,0
DA:264,0
DA:265,0
DA:266,0
DA:268,0
DA:270,0
DA:274,0
DA:277,0
DA:282,0
DA:283,0
DA:284,0
DA:285,0
DA:286,0
DA:287,0
DA:288,0
DA:291,0
DA:293,0
DA:294,0
DA:295,0
DA:298,0
DA:303,0
DA:304,0
DA:305,0
DA:306,0
DA:307,0
DA:308,0
DA:309,0
DA:310,0
DA:311,0
DA:312,0
DA:313,0
DA:317,0
DA:318,0
DA:319,0
DA:321,0
DA:324,0
DA:328,0
DA:332,0
DA:333,0
DA:336,0
DA:342,0
DA:343,0
DA:344,0
DA:345,0
DA:346,0
DA:349,0
DA:350,0
DA:354,0
DA:356,0
DA:357,0
DA:358,0
DA:359,0
DA:361,0
LF:170
LH:0
end_of_record
SF:lib\tools\repository\repository.dart
DA:12,5
DA:34,0
DA:35,0
DA:36,0
DA:37,0
DA:41,0
DA:42,0
DA:46,0
DA:49,0
DA:50,0
DA:52,0
DA:53,0
DA:54,0
DA:57,0
DA:59,0
DA:61,0
DA:62,0
DA:64,0
DA:66,0
DA:67,0
DA:69,0
DA:71,0
DA:72,0
DA:73,0
DA:75,0
DA:76,0
DA:77,0
DA:79,0
DA:81,0
DA:84,0
DA:85,0
DA:87,0
DA:90,0
DA:92,0
DA:93,0
DA:95,0
DA:99,0
DA:100,0
DA:102,0
DA:105,0
DA:106,0
DA:108,0
DA:110,0
DA:112,0
DA:113,0
DA:119,0
DA:122,0
DA:123,0
DA:125,0
DA:126,0
DA:127,0
DA:130,0
DA:132,0
DA:134,0
DA:135,0
DA:137,0
DA:139,0
DA:140,0
DA:142,0
DA:144,0
DA:145,0
DA:146,0
DA:148,0
DA:149,0
DA:150,0
DA:152,0
DA:154,0
DA:157,0
DA:158,0
DA:160,0
DA:163,0
DA:165,0
DA:166,0
DA:168,0
DA:172,0
DA:173,0
DA:175,0
DA:178,0
DA:179,0
DA:181,0
DA:183,0
DA:185,0
DA:186,0
DA:192,0
DA:193,0
DA:194,0
DA:195,0
DA:197,0
DA:198,0
DA:199,0
DA:201,0
DA:203,0
DA:204,0
DA:206,0
DA:208,0
DA:210,0
DA:211,0
DA:212,0
DA:213,0
DA:214,0
DA:215,0
DA:217,0
DA:218,0
DA:219,0
DA:221,0
DA:224,0
DA:226,0
DA:227,0
DA:232,0
DA:233,0
DA:234,0
DA:235,0
DA:237,0
DA:238,0
DA:240,0
DA:241,0
DA:242,0
DA:243,0
DA:245,0
DA:246,0
DA:247,0
DA:249,0
DA:252,0
DA:254,0
DA:255,0
DA:260,0
DA:261,0
DA:262,0
DA:263,0
DA:265,0
DA:266,0
DA:268,0
DA:269,0
DA:270,0
DA:271,0
DA:273,0
DA:274,0
DA:275,0
DA:277,0
DA:280,0
DA:282,0
DA:283,0
LF:142
LH:1
end_of_record
SF:lib\tools\exception.dart
DA:10,4
DA:12,1
DA:14,6
LF:3
LH:3
end_of_record
SF:lib\auth\providers\is_connected_provider.dart
DA:8,2
DA:10,1
DA:12,4
DA:13,0
DA:15,1
DA:20,2
DA:21,2
DA:22,1
DA:23,1
LF:9
LH:8
end_of_record
SF:lib\auth\repository\openid_repository.dart
DA:8,0
DA:10,0
DA:13,0
DA:19,0
DA:25,0
DA:27,0
DA:28,0
DA:29,0
DA:30,0
DA:31,0
DA:33,0
DA:35,0
DA:36,0
LF:13
LH:0
end_of_record
SF:lib\tools\cache\cache_manager.dart
DA:8,1
DA:10,1
DA:11,2
DA:14,0
DA:15,0
DA:18,0
DA:19,0
DA:22,0
DA:23,0
DA:26,0
DA:27,0
DA:30,1
DA:31,4
DA:33,1
DA:35,3
LF:15
LH:7
end_of_record
SF:lib\tools\functions.dart
DA:10,1
DA:16,1
DA:24,1
DA:34,1
DA:36,1
DA:37,1
DA:38,1
DA:44,1
DA:46,3
DA:47,1
DA:49,1
DA:50,1
DA:53,1
DA:58,1
DA:59,1
DA:60,1
DA:78,12
DA:79,12
DA:82,60
DA:85,8
DA:86,8
DA:87,8
DA:91,32
DA:92,22
DA:93,8
DA:96,3
DA:97,24
DA:100,1
DA:101,8
DA:104,1
DA:105,1
DA:108,1
DA:109,8
DA:112,1
DA:113,1
DA:116,1
DA:117,2
DA:118,11
DA:120,8
DA:123,1
DA:124,1
DA:127,1
DA:128,2
DA:129,2
DA:131,4
DA:134,2
DA:135,2
DA:136,1
DA:138,2
DA:141,1
DA:142,4
DA:145,4
DA:146,4
DA:149,4
DA:150,12
LF:55
LH:55
end_of_record
SF:lib\user\class\applicant.dart
DA:7,3
DA:16,6
DA:17,6
DA:18,6
DA:19,6
DA:22,1
DA:24,1
DA:25,2
DA:26,2
DA:27,2
DA:28,2
DA:32,3
DA:41,3
DA:42,3
DA:43,3
DA:44,3
DA:45,1
DA:46,3
DA:47,3
DA:48,3
DA:51,7
DA:52,7
DA:53,7
DA:54,7
DA:55,7
DA:58,3
DA:60,24
LF:27
LH:27
end_of_record
SF:lib\admin\providers\group_id_provider.dart
DA:4,2
DA:6,1
DA:7,1
DA:11,2
DA:12,3
LF:5
LH:5
end_of_record
SF:lib\admin\providers\group_list_provider.dart
DA:11,1
DA:12,1
DA:14,1
DA:15,3
DA:18,1
DA:19,3
DA:22,1
DA:23,3
DA:26,1
DA:27,1
DA:28,2
DA:29,1
DA:30,6
DA:34,1
DA:35,1
DA:36,2
DA:37,6
DA:38,1
DA:42,1
DA:43,2
DA:44,1
DA:45,7
DA:46,1
DA:47,7
DA:53,0
DA:54,0
DA:55,0
DA:56,0
DA:58,0
DA:59,0
DA:60,0
DA:65,0
DA:66,0
DA:67,0
DA:68,0
DA:70,0
DA:71,0
DA:72,0
LF:38
LH:24
end_of_record
SF:lib\tools\providers\list_notifier.dart
DA:5,32
DA:7,14
DA:9,14
DA:10,28
DA:11,14
DA:13,9
DA:14,5
DA:17,3
DA:22,12
DA:23,36
DA:25,12
DA:26,12
DA:27,24
DA:30,4
DA:31,4
DA:37,1
DA:38,1
DA:41,2
DA:44,2
DA:45,2
DA:51,12
DA:53,36
DA:55,12
DA:59,12
DA:60,24
DA:63,4
DA:64,4
DA:70,1
DA:71,1
DA:74,2
DA:77,2
DA:78,2
DA:84,11
DA:86,33
DA:88,11
DA:92,11
DA:93,22
DA:96,4
DA:97,4
DA:103,1
DA:104,3
DA:107,2
DA:110,2
DA:111,2
LF:44
LH:44
end_of_record
SF:lib\tools\token_expire_wrapper.dart
DA:6,0
DA:7,0
DA:8,0
DA:10,0
DA:11,0
DA:12,0
DA:13,0
DA:14,0
DA:17,0
DA:19,0
DA:21,0
DA:23,0
DA:26,0
DA:28,0
DA:33,0
DA:34,0
DA:35,0
DA:37,0
DA:38,0
DA:39,0
DA:40,0
DA:41,0
DA:44,0
DA:46,0
DA:48,0
DA:50,0
DA:53,0
DA:55,0
LF:28
LH:0
end_of_record
SF:lib\user\providers\user_provider.dart
DA:11,1
DA:12,1
DA:14,1
DA:15,2
DA:18,0
DA:19,0
DA:22,1
DA:23,3
DA:26,0
DA:27,0
DA:30,1
DA:31,3
DA:34,1
DA:36,2
DA:37,1
DA:40,0
DA:41,0
DA:45,0
DA:46,0
DA:47,0
DA:48,0
DA:49,0
DA:50,0
DA:51,0
DA:52,0
DA:53,0
DA:54,0
DA:56,0
DA:57,0
DA:63,12
DA:64,0
DA:65,0
DA:68,0
DA:69,0
DA:71,0
DA:72,0
LF:36
LH:12
end_of_record
SF:lib\tools\providers\asking_refresh_token_provider.dart
DA:4,2
DA:6,1
DA:7,1
DA:11,2
DA:12,2
DA:13,1
LF:6
LH:6
end_of_record
SF:lib\tools\providers\single_notifier.dart
DA:5,16
DA:7,6
DA:9,6
DA:10,12
DA:11,6
DA:13,12
DA:14,6
DA:17,4
DA:22,3
DA:23,9
DA:25,3
DA:26,6
DA:29,2
DA:30,3
DA:36,1
DA:37,1
DA:40,2
DA:43,2
DA:44,2
DA:50,4
DA:51,12
DA:53,4
DA:57,8
DA:60,4
DA:61,4
DA:67,1
DA:68,3
DA:71,2
DA:74,2
DA:75,2
DA:81,2
DA:83,6
DA:85,2
DA:89,2
DA:92,2
DA:93,3
DA:99,1
DA:100,3
DA:103,2
DA:106,1
DA:107,1
LF:41
LH:41
end_of_record
SF:lib\user\repositories\user_repository.dart
DA:19,0
DA:20,0
DA:23,0
DA:24,0
DA:27,0
DA:28,0
DA:31,0
DA:32,0
DA:35,0
DA:36,0
DA:39,0
DA:40,0
DA:43,0
DA:46,0
DA:50,0
DA:56,0
DA:58,0
DA:59,0
DA:60,0
DA:61,0
DA:63,0
DA:65,0
DA:67,0
DA:71,0
DA:72,0
DA:74,0
DA:75,0
DA:77,0
DA:79,0
DA:80,0
DA:83,0
DA:84,0
DA:88,0
DA:90,0
DA:91,0
DA:92,0
DA:93,0
DA:94,0
DA:95,0
DA:96,0
DA:97,0
DA:98,0
DA:99,0
DA:100,0
DA:101,0
DA:102,0
DA:103,0
DA:104,0
DA:105,0
DA:107,0
DA:108,0
DA:110,0
DA:112,0
DA:113,0
DA:116,0
DA:117,0
DA:121,0
DA:123,0
DA:131,0
DA:132,0
DA:133,0
LF:61
LH:0
end_of_record
SF:lib\admin\providers\group_logo_provider.dart
DA:8,1
DA:9,1
DA:11,1
DA:12,2
DA:13,1
DA:14,1
DA:16,1
DA:19,1
DA:21,2
DA:22,1
DA:26,0
DA:27,0
DA:28,0
DA:29,0
LF:14
LH:10
end_of_record
SF:lib\admin\repositories\group_logo_repository.dart
DA:11,0
DA:12,0
DA:13,0
LF:3
LH:0
end_of_record
SF:lib\tools\repository\logo_repository.dart
DA:16,0
DA:19,0
DA:20,0
DA:22,0
DA:23,0
DA:25,0
DA:26,0
DA:30,0
DA:31,0
DA:33,0
DA:34,0
DA:35,0
DA:36,0
DA:37,0
DA:39,0
DA:42,0
DA:44,0
DA:45,0
DA:47,0
DA:51,0
DA:53,0
DA:55,0
DA:57,0
DA:63,0
DA:64,0
DA:66,0
DA:67,0
DA:68,0
DA:69,0
DA:70,0
DA:71,0
DA:72,0
DA:74,0
DA:76,0
DA:77,0
DA:79,0
DA:81,0
DA:82,0
DA:84,0
DA:85,0
DA:87,0
DA:89,0
DA:90,0
DA:93,0
DA:96,0
DA:97,0
DA:98,0
DA:100,0
DA:101,0
DA:102,0
DA:105,0
DA:106,0
DA:109,0
DA:110,0
DA:111,0
DA:112,0
DA:113,0
DA:114,0
DA:116,0
DA:119,0
DA:120,0
LF:61
LH:0
end_of_record
SF:lib\admin\providers\group_provider.dart
DA:9,1
DA:10,1
DA:12,1
DA:13,4
DA:16,1
DA:17,1
DA:18,3
DA:21,1
DA:22,1
DA:23,3
DA:26,1
DA:27,2
DA:31,0
DA:32,0
DA:33,0
DA:34,0
LF:16
LH:12
end_of_record
SF:lib\admin\providers\is_admin_provider.dart
DA:4,4
DA:5,2
DA:6,1
DA:7,3
DA:8,1
LF:5
LH:5
end_of_record
SF:lib\admin\providers\members_provider.dart
DA:5,2
DA:7,1
DA:8,4
DA:11,1
DA:12,8
DA:16,0
DA:17,0
DA:18,0
LF:8
LH:5
end_of_record
SF:lib\amap\providers\amap_page_provider.dart
DA:13,2
DA:14,2
DA:15,1
DA:19,2
DA:21,1
DA:22,1
LF:6
LH:6
end_of_record
SF:lib\amap\class\cash.dart
DA:4,3
DA:8,1
DA:9,2
DA:10,3
DA:13,1
DA:14,1
DA:15,2
DA:19,3
DA:20,7
DA:23,6
DA:25,1
DA:27,3
LF:12
LH:12
end_of_record
SF:lib\amap\class\delivery.dart
DA:13,2
DA:25,1
DA:26,3
DA:27,1
DA:28,5
DA:29,2
DA:30,3
DA:31,1
DA:34,1
DA:35,1
DA:36,3
DA:37,6
DA:38,3
DA:39,2
DA:43,2
DA:49,2
DA:50,2
DA:51,2
DA:52,2
DA:53,2
DA:54,2
DA:57,4
DA:58,2
DA:59,2
DA:64,1
DA:66,6
LF:26
LH:26
end_of_record
SF:lib\amap\class\information.dart
DA:2,2
DA:11,1
DA:12,2
DA:13,2
DA:14,2
DA:17,1
DA:18,1
DA:19,2
DA:20,2
DA:21,2
DA:25,1
DA:30,1
DA:31,1
DA:32,1
DA:33,1
DA:37,4
DA:43,1
DA:45,4
LF:18
LH:18
end_of_record
SF:lib\amap\class\order.dart
DA:9,4
DA:34,1
DA:35,2
DA:36,2
DA:37,2
DA:38,2
DA:39,2
DA:40,4
DA:41,1
DA:42,1
DA:43,6
DA:44,1
DA:45,6
DA:46,3
DA:47,3
DA:48,3
DA:49,3
DA:52,1
DA:53,1
DA:54,2
DA:55,2
DA:56,2
DA:57,3
DA:58,3
DA:59,2
DA:60,3
DA:61,6
DA:62,3
DA:66,4
DA:77,4
DA:78,1
DA:79,4
DA:80,4
DA:82,10
DA:83,3
DA:85,2
DA:86,8
DA:87,3
DA:88,4
DA:89,3
DA:90,4
DA:91,4
DA:92,4
DA:93,4
DA:94,4
DA:97,4
DA:98,4
DA:100,4
DA:101,4
DA:102,4
DA:103,4
DA:105,4
DA:110,4
DA:113,1
DA:115,13
LF:55
LH:55
end_of_record
SF:lib\amap\class\product.dart
DA:2,6
DA:15,1
DA:16,1
DA:17,2
DA:18,3
DA:19,3
DA:20,3
DA:21,3
DA:23,2
DA:24,2
DA:25,2
DA:26,1
DA:27,2
DA:31,6
DA:37,6
DA:38,4
DA:39,3
DA:40,3
DA:41,6
DA:42,5
DA:45,1
DA:46,1
DA:47,2
DA:48,2
DA:49,2
DA:50,2
DA:51,2
DA:55,6
DA:56,6
DA:65,1
DA:67,6
LF:31
LH:31
end_of_record
SF:lib\amap\repositories\amap_user_repository.dart
DA:12,0
DA:13,0
DA:14,0
DA:17,0
DA:18,0
DA:22,0
DA:23,0
DA:24,0
LF:8
LH:0
end_of_record
SF:lib\amap\repositories\cash_repository.dart
DA:11,0
DA:12,0
DA:15,0
DA:16,0
DA:19,0
DA:20,0
DA:23,0
DA:24,0
DA:28,0
DA:29,0
DA:30,0
LF:11
LH:0
end_of_record
SF:lib\amap\repositories\delivery_list_repository.dart
DA:12,0
DA:13,0
DA:14,0
DA:17,0
DA:18,0
DA:21,0
DA:22,0
DA:25,0
DA:26,0
DA:29,0
DA:30,0
DA:33,0
DA:34,0
DA:37,0
DA:38,0
DA:41,0
DA:42,0
DA:45,0
DA:46,0
DA:49,0
DA:51,0
DA:52,0
DA:53,0
DA:57,0
DA:58,0
DA:59,0
LF:26
LH:0
end_of_record
SF:lib\amap\repositories\delivery_product_list_repository.dart
DA:11,0
DA:12,0
DA:15,0
DA:16,0
DA:19,0
DA:20,0
DA:24,0
DA:25,0
DA:26,0
LF:9
LH:0
end_of_record
SF:lib\amap\repositories\information_repository.dart
DA:11,0
DA:12,0
DA:15,0
DA:16,0
DA:19,0
DA:20,0
DA:23,0
DA:24,0
DA:28,0
DA:29,0
DA:30,0
LF:11
LH:0
end_of_record
SF:lib\amap\repositories\order_list_repository.dart
DA:11,0
DA:12,0
DA:15,0
DA:16,0
DA:19,0
DA:20,0
DA:23,0
DA:24,0
DA:25,0
DA:28,0
DA:29,0
DA:30,0
DA:31,0
DA:35,0
DA:36,0
DA:37,0
LF:16
LH:0
end_of_record
SF:lib\amap\repositories\product_repository.dart
DA:11,0
DA:12,0
DA:15,0
DA:16,0
DA:19,0
DA:20,0
DA:23,0
DA:24,0
DA:27,0
DA:28,0
DA:32,0
DA:33,0
DA:34,0
LF:13
LH:0
end_of_record
SF:lib\amap\tools\functions.dart
DA:4,1
DA:6,1
DA:8,1
DA:13,1
DA:15,1
DA:17,1
DA:24,1
DA:26,1
DA:28,1
DA:30,1
DA:32,1
DA:37,1
DA:39,1
DA:41,1
DA:43,1
DA:45,1
LF:16
LH:16
end_of_record
SF:lib\amap\providers\cash_list_provider.dart
DA:11,2
DA:13,1
DA:14,4
DA:17,1
DA:18,3
DA:21,1
DA:22,1
DA:23,2
DA:24,1
DA:25,8
DA:26,3
DA:30,1
DA:31,1
DA:32,1
DA:33,1
DA:34,8
DA:38,1
DA:39,2
DA:40,1
DA:41,1
DA:42,2
DA:43,2
DA:44,4
DA:45,4
DA:46,2
DA:47,4
DA:48,1
DA:50,1
DA:51,3
DA:54,1
DA:57,1
DA:58,1
DA:63,1
DA:64,2
DA:68,0
DA:69,0
DA:70,0
DA:71,0
DA:72,0
DA:73,0
DA:74,0
LF:41
LH:34
end_of_record
SF:lib\amap\providers\category_list_provider.dart
DA:4,4
DA:5,2
DA:6,1
DA:7,6
DA:8,2
DA:9,2
LF:6
LH:6
end_of_record
SF:lib\amap\providers\product_list_provider.dart
DA:9,2
DA:10,2
DA:12,1
DA:13,3
DA:16,1
DA:17,3
DA:20,1
DA:21,1
DA:22,2
DA:23,1
DA:24,6
DA:28,1
DA:29,1
DA:30,2
DA:31,6
DA:32,1
DA:37,2
DA:38,1
DA:39,0
DA:40,0
DA:42,0
DA:43,0
DA:44,0
LF:23
LH:18
end_of_record
SF:lib\amap\providers\delivery_id_provider.dart
DA:3,2
DA:4,2
DA:5,1
DA:9,2
DA:11,1
DA:12,1
LF:6
LH:6
end_of_record
SF:lib\amap\providers\delivery_list_provider.dart
DA:9,1
DA:10,1
DA:11,1
DA:12,3
DA:15,1
DA:16,3
DA:19,1
DA:20,1
DA:21,2
DA:22,1
DA:23,6
DA:27,1
DA:28,1
DA:29,2
DA:30,1
DA:31,6
DA:32,1
DA:36,1
DA:37,1
DA:38,2
DA:39,1
DA:40,6
DA:41,1
DA:45,1
DA:46,1
DA:47,2
DA:48,1
DA:49,6
DA:50,1
DA:54,1
DA:55,1
DA:56,2
DA:57,1
DA:58,5
DA:59,1
DA:63,1
DA:64,1
DA:65,2
DA:66,1
DA:67,5
DA:68,1
DA:72,1
DA:73,2
DA:74,1
DA:75,4
DA:76,2
DA:77,1
DA:78,4
DA:79,2
DA:81,1
DA:82,2
DA:84,1
DA:85,1
DA:91,1
DA:92,2
DA:93,1
DA:94,1
DA:96,1
DA:97,1
DA:99,1
DA:100,1
DA:106,0
DA:107,0
DA:108,0
DA:109,0
DA:110,0
DA:112,0
DA:113,0
DA:118,0
DA:119,0
DA:120,0
DA:121,0
DA:122,0
DA:123,0
LF:74
LH:61
end_of_record
SF:lib\amap\providers\delivery_product_list_provider.dart
DA:8,1
DA:9,1
DA:11,1
DA:13,2
DA:16,1
DA:17,1
DA:18,3
DA:22,1
DA:23,1
DA:24,3
DA:25,1
DA:26,6
DA:30,1
DA:31,1
DA:32,3
DA:33,6
DA:34,1
DA:38,1
DA:39,1
DA:40,1
DA:41,1
DA:42,6
DA:43,1
DA:48,0
DA:49,0
DA:50,0
DA:51,0
DA:52,0
LF:28
LH:23
end_of_record
SF:lib\amap\providers\focus_provider.dart
DA:4,2
DA:6,1
DA:7,1
DA:11,4
DA:12,1
LF:5
LH:5
end_of_record
SF:lib\amap\providers\information_provider.dart
DA:9,1
DA:10,1
DA:11,1
DA:12,3
DA:15,1
DA:16,3
DA:19,1
DA:20,3
DA:23,1
DA:24,1
DA:25,2
DA:29,0
DA:30,0
DA:31,0
DA:33,0
DA:34,0
DA:35,0
LF:17
LH:11
end_of_record
SF:lib\amap\providers\is_amap_admin_provider.dart
DA:4,4
DA:5,2
DA:6,1
DA:7,3
DA:8,1
LF:5
LH:5
end_of_record
SF:lib\amap\providers\orders_by_delivery_provider.dart
DA:8,1
DA:9,1
DA:11,1
DA:13,1
DA:14,3
DA:18,0
DA:19,0
DA:20,0
DA:21,0
DA:22,0
LF:10
LH:5
end_of_record
SF:lib\amap\providers\order_provider.dart
DA:5,3
DA:7,1
DA:8,1
DA:12,4
DA:13,1
LF:5
LH:5
end_of_record
SF:lib\amap\providers\page_controller_provider.dart
DA:4,2
DA:5,1
DA:6,1
DA:7,1
DA:12,1
DA:13,2
LF:6
LH:6
end_of_record
SF:lib\amap\providers\product_provider.dart
DA:5,3
DA:7,1
DA:8,1
DA:12,4
DA:13,1
LF:5
LH:5
end_of_record
SF:lib\amap\providers\scroll_controller_provider.dart
DA:6,0
DA:7,0
DA:10,3
DA:13,0
DA:14,0
DA:16,0
DA:17,0
DA:18,0
DA:19,0
DA:22,0
DA:23,0
DA:27,0
DA:31,0
LF:13
LH:1
end_of_record
SF:lib\amap\providers\scroll_provider.dart
DA:4,2
DA:6,1
DA:7,1
DA:11,4
DA:12,1
LF:5
LH:5
end_of_record
SF:lib\amap\providers\searching_amap_user_provider.dart
DA:4,2
DA:6,1
DA:7,1
DA:11,2
DA:12,2
DA:13,1
LF:6
LH:6
end_of_record
SF:lib\amap\providers\selected_category_provider.dart
DA:3,2
DA:4,1
DA:5,1
DA:6,1
DA:12,2
DA:14,1
DA:15,1
LF:7
LH:7
end_of_record
SF:lib\amap\providers\selected_list_provider.dart
DA:4,0
DA:5,0
DA:6,0
DA:7,0
DA:8,0
DA:9,0
DA:10,0
DA:11,0
DA:13,0
DA:17,1
DA:18,4
DA:20,1
DA:21,2
DA:22,2
DA:23,1
DA:26,1
DA:27,5
DA:30,1
DA:31,4
LF:19
LH:10
end_of_record
SF:lib\amap\providers\user_amount_provider.dart
DA:10,1
DA:11,1
DA:13,1
DA:14,4
DA:17,1
DA:18,3
DA:19,3
DA:20,2
DA:21,1
DA:22,2
DA:23,1
DA:24,1
DA:30,0
DA:31,0
DA:33,0
DA:35,0
DA:36,0
DA:37,0
DA:38,0
DA:39,0
LF:20
LH:12
end_of_record
SF:lib\amap\providers\user_order_list_provider.dart
DA:12,1
DA:14,1
DA:16,1
DA:17,4
DA:20,1
DA:22,1
DA:23,3
DA:26,1
DA:27,3
DA:30,1
DA:31,1
DA:32,2
DA:33,1
DA:34,6
DA:38,1
DA:39,1
DA:40,2
DA:41,6
DA:42,1
DA:47,0
DA:48,0
DA:49,0
DA:50,0
DA:51,0
DA:52,0
DA:55,0
DA:56,0
DA:57,0
DA:58,0
LF:29
LH:19
end_of_record
SF:lib\booking\class\booking.dart
DA:22,5
DA:36,1
DA:37,1
DA:38,1
DA:39,1
DA:40,2
DA:41,2
DA:42,1
DA:43,2
DA:44,1
DA:45,2
DA:46,1
DA:47,1
DA:48,1
DA:49,1
DA:50,2
DA:51,3
DA:53,2
DA:56,1
DA:57,1
DA:58,2
DA:59,2
DA:60,3
DA:61,3
DA:62,2
DA:63,3
DA:64,2
DA:65,3
DA:66,2
DA:67,2
DA:68,2
DA:72,5
DA:85,5
DA:86,3
DA:87,5
DA:88,5
DA:89,5
DA:90,5
DA:91,5
DA:92,5
DA:93,5
DA:94,5
DA:95,5
DA:96,5
DA:97,5
DA:100,5
DA:101,5
DA:104,5
DA:105,5
DA:107,5
DA:112,5
DA:116,1
DA:118,13
LF:53
LH:53
end_of_record
SF:lib\booking\providers\booking_list_provider.dart
DA:13,1
DA:15,1
DA:17,1
DA:18,3
DA:21,1
DA:22,4
DA:25,1
DA:26,3
DA:29,1
DA:30,1
DA:31,2
DA:32,1
DA:33,6
DA:37,1
DA:38,1
DA:39,2
DA:40,6
DA:41,1
DA:45,1
DA:46,1
DA:47,3
DA:48,1
DA:49,6
DA:54,0
DA:55,0
DA:56,0
DA:57,0
DA:58,0
DA:59,0
DA:61,0
DA:62,0
DA:64,0
DA:66,0
DA:67,0
LF:34
LH:23
end_of_record
SF:lib\booking\repositories\booking_repository.dart
DA:11,0
DA:12,0
DA:13,0
DA:16,0
DA:17,0
DA:20,0
DA:21,0
DA:24,0
DA:25,0
DA:26,0
DA:29,0
DA:30,0
DA:33,0
DA:34,0
DA:35,0
DA:38,0
DA:39,0
DA:40,0
DA:44,0
DA:45,0
DA:46,0
LF:21
LH:0
end_of_record
SF:lib\booking\repositories\user_booking_repository.dart
DA:11,0
DA:12,0
DA:13,0
DA:17,0
DA:18,0
DA:19,0
LF:6
LH:0
end_of_record
SF:lib\booking\class\room.dart
DA:5,7
DA:7,1
DA:8,2
DA:9,2
DA:12,1
DA:13,1
DA:14,2
DA:15,2
DA:19,2
DA:20,2
DA:21,2
DA:22,1
DA:26,14
DA:28,1
DA:30,3
LF:15
LH:15
end_of_record
SF:lib\booking\tools\functions.dart
DA:7,2
DA:9,2
DA:11,2
DA:13,2
DA:20,1
DA:22,1
DA:24,1
DA:26,1
DA:31,1
DA:32,1
DA:33,1
DA:34,3
DA:35,9
DA:37,13
DA:41,1
DA:43,1
DA:44,1
DA:46,1
DA:47,3
DA:48,7
DA:50,13
DA:53,1
DA:62,1
DA:64,1
DA:65,5
DA:66,4
DA:68,2
DA:69,4
DA:70,4
DA:71,3
DA:72,1
DA:75,7
DA:77,0
DA:78,0
DA:81,2
DA:83,4
DA:85,0
DA:87,4
DA:90,4
DA:92,0
DA:98,0
DA:100,0
DA:101,0
DA:103,0
DA:107,1
DA:108,1
DA:109,7
DA:112,1
DA:113,2
DA:114,1
DA:116,6
DA:117,2
DA:118,3
DA:119,1
DA:120,1
DA:121,1
DA:122,7
DA:124,0
DA:125,0
DA:127,1
DA:131,1
DA:132,6
LF:62
LH:52
end_of_record
SF:lib\booking\providers\is_booking_admin_provider.dart
DA:4,4
DA:5,2
DA:6,1
DA:7,3
DA:8,1
LF:5
LH:5
end_of_record
SF:lib\event\tools\functions.dart
DA:4,1
DA:6,1
DA:8,1
DA:10,1
DA:12,1
DA:14,1
DA:16,1
DA:21,1
DA:23,1
DA:25,1
DA:27,1
DA:29,1
DA:31,1
DA:33,1
DA:40,1
DA:41,7
DA:44,2
DA:45,2
DA:46,16
DA:47,12
DA:48,2
DA:51,1
DA:52,1
DA:53,1
DA:54,3
DA:55,9
DA:57,13
DA:61,1
DA:62,1
DA:63,1
DA:64,3
DA:67,1
DA:68,1
DA:69,1
DA:70,3
DA:71,2
DA:73,3
DA:77,1
DA:79,1
DA:81,1
DA:83,1
DA:85,1
DA:87,1
DA:89,1
DA:91,1
DA:93,1
DA:95,1
DA:97,1
DA:99,1
DA:101,1
DA:103,1
DA:110,1
DA:112,1
DA:113,1
DA:115,1
DA:116,3
DA:117,7
DA:119,13
DA:122,1
DA:131,1
DA:133,1
DA:134,5
DA:135,4
DA:137,2
DA:138,4
DA:139,4
DA:140,3
DA:141,1
DA:144,7
DA:146,4
DA:148,2
DA:150,4
DA:152,1
DA:154,4
DA:157,4
DA:159,1
DA:165,1
DA:166,6
DA:169,1
DA:170,2
DA:173,1
DA:174,1
DA:175,2
DA:176,4
DA:177,2
DA:178,5
DA:179,2
DA:180,4
DA:181,2
DA:183,2
DA:184,2
DA:185,1
DA:187,1
DA:189,1
DA:190,1
DA:191,1
DA:192,2
DA:193,1
DA:194,5
DA:196,4
LF:100
LH:100
end_of_record
SF:lib\event\class\event.dart
DA:32,1
DA:49,1
DA:50,2
DA:51,2
DA:52,2
DA:53,3
DA:54,3
DA:55,2
DA:56,2
DA:57,3
DA:58,2
DA:59,2
DA:60,2
DA:61,4
DA:62,3
DA:63,2
DA:66,1
DA:67,1
DA:68,2
DA:69,2
DA:70,2
DA:71,3
DA:72,3
DA:73,2
DA:74,2
DA:75,3
DA:76,2
DA:77,2
DA:78,3
DA:79,5
DA:80,2
DA:84,1
DA:100,1
DA:101,1
DA:102,1
DA:103,1
DA:104,1
DA:105,1
DA:106,1
DA:107,1
DA:108,1
DA:109,1
DA:110,1
DA:111,1
DA:112,1
DA:113,1
DA:114,1
DA:118,1
DA:119,1
DA:120,1
DA:121,1
DA:122,2
DA:123,2
DA:124,1
DA:125,1
DA:126,1
DA:127,1
DA:128,1
DA:129,1
DA:130,2
DA:131,1
DA:132,1
DA:135,1
DA:137,15
LF:64
LH:64
end_of_record
SF:lib\booking\providers\booking_page_provider.dart
DA:14,2
DA:16,1
DA:17,1
DA:21,2
DA:22,2
DA:23,1
LF:6
LH:6
end_of_record
SF:lib\booking\providers\booking_provider.dart
DA:5,3
DA:7,1
DA:8,1
DA:12,4
DA:13,1
LF:5
LH:5
end_of_record
SF:lib\booking\providers\confirmed_booking_list_provider.dart
DA:9,1
DA:10,1
DA:12,1
DA:13,1
DA:14,3
DA:17,1
DA:18,2
DA:21,1
DA:22,1
DA:23,1
DA:24,1
DA:25,5
DA:26,1
DA:30,1
DA:31,1
DA:32,1
DA:33,1
DA:34,6
DA:39,0
DA:40,0
DA:41,0
DA:43,0
DA:44,0
DA:45,0
LF:24
LH:18
end_of_record
SF:lib\booking\providers\room_list_provider.dart
DA:9,1
DA:10,1
DA:12,1
DA:13,3
DA:16,1
DA:17,3
DA:20,1
DA:21,1
DA:22,2
DA:23,1
DA:24,6
DA:28,1
DA:29,1
DA:30,2
DA:31,6
DA:32,1
DA:37,0
DA:38,0
DA:39,0
DA:40,0
DA:41,0
DA:42,0
LF:22
LH:16
end_of_record
SF:lib\booking\repositories\rooms_repository.dart
DA:11,0
DA:12,0
DA:15,0
DA:16,0
DA:19,0
DA:20,0
DA:23,0
DA:24,0
DA:27,0
DA:28,0
DA:32,0
DA:33,0
DA:34,0
LF:13
LH:0
end_of_record
SF:lib\booking\providers\room_provider.dart
DA:5,3
DA:7,1
DA:8,1
DA:12,4
DA:13,1
LF:5
LH:5
end_of_record
SF:lib\booking\providers\selected_days_provider.dart
DA:3,0
DA:4,0
DA:5,0
DA:9,1
DA:10,3
DA:12,1
DA:13,2
DA:14,2
DA:15,1
DA:18,1
DA:19,5
DA:22,1
DA:23,1
LF:13
LH:10
end_of_record
SF:lib\booking\providers\user_booking_list_provider.dart
DA:11,1
DA:12,1
DA:13,2
DA:16,1
DA:17,1
DA:20,1
DA:21,5
DA:24,1
DA:25,2
DA:26,1
DA:27,1
DA:28,2
DA:31,0
DA:32,0
DA:35,1
DA:36,2
DA:37,1
DA:38,5
DA:39,2
DA:40,1
DA:41,2
DA:46,0
DA:47,0
DA:50,1
DA:51,2
DA:52,1
DA:53,5
DA:54,2
DA:55,1
DA:56,2
DA:61,0
DA:62,0
DA:66,0
DA:67,0
DA:68,0
DA:69,0
DA:70,0
DA:71,0
DA:72,0
DA:73,0
DA:74,0
DA:76,0
LF:42
LH:26
end_of_record
SF:lib\cinema\providers\cinema_page_provider.dart
DA:12,2
DA:14,1
DA:15,1
DA:19,2
DA:20,2
DA:21,1
LF:6
LH:6
end_of_record
SF:lib\cinema\class\session.dart
DA:12,3
DA:21,1
DA:22,2
DA:23,2
DA:24,3
DA:25,2
DA:26,2
DA:27,2
DA:28,2
DA:31,1
DA:32,1
DA:33,2
DA:34,2
DA:35,3
DA:36,2
DA:37,2
DA:38,2
DA:39,2
DA:43,2
DA:51,2
DA:52,1
DA:53,2
DA:54,2
DA:55,2
DA:56,2
DA:57,2
DA:58,2
DA:61,3
DA:62,3
DA:65,3
DA:72,1
DA:74,8
LF:32
LH:32
end_of_record
SF:lib\cinema\class\the_movie_db_genre.dart
DA:9,2
DA:18,1
DA:19,2
DA:20,3
DA:21,1
DA:22,2
DA:23,2
DA:24,1
DA:25,1
DA:26,2
DA:27,2
DA:28,2
DA:31,1
DA:32,1
DA:33,2
DA:34,2
DA:35,2
DA:36,2
DA:37,2
DA:38,2
DA:42,2
DA:43,2
DA:44,2
DA:53,1
DA:55,7
LF:25
LH:25
end_of_record
SF:lib\cinema\class\the_movie_db_search_result.dart
DA:9,2
DA:18,1
DA:19,2
DA:20,1
DA:21,1
DA:22,2
DA:23,3
DA:24,2
DA:25,3
DA:26,2
DA:29,1
DA:30,1
DA:31,2
DA:32,2
DA:33,2
DA:34,2
DA:35,2
DA:39,2
DA:40,2
DA:43,2
DA:44,2
DA:50,1
DA:52,7
LF:23
LH:23
end_of_record
SF:lib\cinema\repositories\session_repository.dart
DA:11,0
DA:12,0
DA:15,0
DA:16,0
DA:19,0
DA:20,0
DA:23,0
DA:24,0
DA:27,0
DA:28,0
DA:32,0
DA:33,0
DA:34,0
LF:13
LH:0
end_of_record
SF:lib\cinema\providers\is_cinema_admin.dart
DA:4,4
DA:5,2
DA:6,1
DA:7,3
DA:8,1
LF:5
LH:5
end_of_record
SF:lib\cinema\providers\main_page_index_provider.dart
DA:6,2
DA:8,1
DA:9,1
DA:12,1
DA:13,1
DA:16,1
DA:17,2
DA:21,0
DA:22,0
DA:23,0
DA:24,0
DA:25,0
DA:26,0
DA:28,0
DA:29,0
DA:30,0
DA:32,0
DA:33,0
DA:34,0
DA:35,0
LF:20
LH:7
end_of_record
SF:lib\cinema\providers\session_list_provider.dart
DA:9,1
DA:10,1
DA:12,1
DA:13,3
DA:16,1
DA:17,3
DA:20,1
DA:21,1
DA:22,2
DA:23,1
DA:24,6
DA:28,1
DA:29,1
DA:30,2
DA:31,6
DA:32,1
DA:37,0
DA:38,0
DA:39,0
DA:40,0
DA:41,0
DA:43,0
DA:44,0
LF:23
LH:16
end_of_record
SF:lib\cinema\providers\scroll_provider.dart
DA:6,2
DA:7,1
DA:10,1
DA:11,1
DA:14,1
DA:15,2
DA:19,0
DA:20,0
DA:21,0
LF:9
LH:6
end_of_record
SF:lib\cinema\providers\session_poster_provider.dart
DA:8,1
DA:9,1
DA:11,1
DA:12,2
DA:15,1
DA:16,2
DA:20,0
DA:21,0
DA:22,0
DA:23,0
LF:10
LH:6
end_of_record
SF:lib\cinema\repositories\session_poster_repository.dart
DA:13,0
DA:14,0
DA:15,0
DA:16,0
DA:18,0
DA:21,0
DA:22,0
DA:23,0
DA:24,0
DA:29,0
DA:30,0
DA:31,0
LF:12
LH:0
end_of_record
SF:lib\cinema\providers\session_provider.dart
DA:5,3
DA:7,1
DA:8,1
DA:12,4
DA:13,1
LF:5
LH:5
end_of_record
SF:lib\cinema\providers\the_movie_db_genre_provider.dart
DA:8,1
DA:9,1
DA:11,1
DA:12,4
DA:16,0
DA:17,0
DA:18,0
DA:19,0
DA:21,0
LF:9
LH:4
end_of_record
SF:lib\cinema\repositories\the_movie_db_repository.dart
DA:15,0
DA:16,0
DA:18,0
DA:19,0
DA:20,0
DA:21,0
DA:22,0
DA:24,0
DA:27,0
DA:28,0
DA:29,0
DA:33,0
DA:34,0
DA:35,0
LF:14
LH:0
end_of_record
SF:lib\cinema\providers\the_movie_db_result_provider.dart
DA:8,1
DA:9,1
DA:11,1
DA:13,4
DA:17,0
DA:18,0
DA:19,0
DA:21,0
LF:8
LH:4
end_of_record
SF:lib\drawer\class\module.dart
DA:21,2
DA:27,4
DA:28,0
DA:29,1
DA:30,1
DA:31,0
DA:34,2
LF:7
LH:5
end_of_record
SF:lib\drawer\providers\modules_provider.dart
DA:6,2
DA:8,1
DA:9,2
DA:11,3
DA:12,1
DA:13,2
DA:15,2
DA:19,1
DA:23,0
DA:24,0
DA:25,0
DA:26,0
LF:12
LH:8
end_of_record
SF:lib\settings\providers\module_list_provider.dart
DA:8,0
DA:9,0
DA:10,0
DA:11,0
DA:12,0
DA:13,0
DA:14,0
DA:15,0
DA:16,0
DA:61,0
DA:63,0
DA:64,0
DA:65,0
DA:66,0
DA:67,0
DA:71,0
DA:72,0
DA:73,0
DA:74,0
DA:75,0
DA:79,0
DA:80,0
DA:81,0
DA:82,0
DA:83,0
DA:84,0
DA:86,0
DA:88,0
DA:91,0
DA:92,0
DA:94,0
DA:95,0
DA:96,0
DA:97,0
DA:98,0
DA:100,0
DA:101,0
DA:102,0
DA:103,0
DA:104,0
DA:105,0
DA:106,0
DA:107,0
DA:109,0
DA:112,0
DA:116,0
DA:117,0
DA:119,0
DA:122,0
DA:123,0
DA:124,0
DA:125,0
DA:126,0
DA:127,0
DA:128,0
DA:129,0
DA:132,0
DA:133,0
DA:134,0
DA:140,0
DA:141,0
DA:142,0
DA:144,0
DA:145,0
DA:146,0
DA:147,0
DA:148,0
DA:151,0
DA:152,0
DA:153,0
DA:154,0
DA:156,0
DA:158,0
DA:159,0
DA:160,0
LF:75
LH:0
end_of_record
SF:lib\drawer\providers\page_provider.dart
DA:7,2
DA:9,1
DA:10,1
DA:14,4
DA:15,2
DA:16,1
LF:6
LH:6
end_of_record
SF:lib\settings\providers\first_page_provider.dart
DA:8,2
DA:10,1
DA:13,1
DA:14,0
DA:15,0
DA:16,0
DA:17,0
DA:19,0
DA:20,0
DA:21,0
DA:23,0
DA:27,2
DA:28,2
DA:29,1
DA:30,1
LF:15
LH:7
end_of_record
SF:lib\drawer\providers\swipe_provider.dart
DA:5,2
DA:12,1
DA:13,2
DA:16,1
DA:17,2
DA:20,1
DA:21,2
DA:22,0
DA:24,1
DA:28,1
DA:30,5
DA:32,2
DA:36,0
DA:38,0
DA:39,0
DA:43,0
DA:44,0
DA:46,0
DA:47,0
DA:48,0
DA:49,0
DA:50,0
DA:51,0
DA:53,0
DA:59,0
DA:62,0
DA:63,0
LF:27
LH:11
end_of_record
SF:lib\event\providers\event_list_provider.dart
DA:10,1
DA:11,1
DA:13,1
DA:14,3
DA:17,1
DA:18,3
DA:21,1
DA:22,1
DA:23,2
DA:24,1
DA:25,6
DA:29,1
DA:30,1
DA:31,2
DA:32,6
DA:33,1
DA:37,0
DA:38,0
DA:39,0
DA:40,0
DA:41,0
DA:46,0
DA:47,0
DA:48,0
DA:50,0
DA:51,0
DA:52,0
LF:27
LH:16
end_of_record
SF:lib\event\repositories\event_repository.dart
DA:12,0
DA:13,0
DA:16,0
DA:17,0
DA:18,0
DA:21,0
DA:22,0
DA:23,0
DA:26,0
DA:27,0
DA:28,0
DA:31,0
DA:32,0
DA:35,0
DA:36,0
DA:39,0
DA:40,0
DA:43,0
DA:44,0
DA:48,0
DA:49,0
DA:50,0
LF:22
LH:0
end_of_record
SF:lib\loan\class\item.dart
DA:2,1
DA:15,1
DA:16,2
DA:17,2
DA:18,2
DA:19,2
DA:20,2
DA:23,1
DA:24,1
DA:25,2
DA:26,2
DA:27,2
DA:28,2
DA:29,2
DA:33,1
DA:39,1
DA:40,1
DA:41,1
DA:42,1
DA:43,1
DA:45,1
DA:48,1
DA:49,1
DA:50,1
DA:51,1
DA:52,1
DA:53,1
DA:56,1
DA:58,6
LF:29
LH:29
end_of_record
SF:lib\loan\class\loan.dart
DA:7,1
DA:28,1
DA:29,2
DA:30,3
DA:31,3
DA:32,2
DA:33,3
DA:34,3
DA:35,2
DA:36,6
DA:37,2
DA:40,1
DA:41,1
DA:42,2
DA:43,3
DA:44,3
DA:45,2
DA:46,3
DA:47,3
DA:48,2
DA:49,6
DA:53,1
DA:63,1
DA:64,1
DA:65,1
DA:66,1
DA:67,1
DA:68,1
DA:69,1
DA:70,1
DA:71,1
DA:72,1
DA:75,1
DA:76,1
DA:77,2
DA:78,2
DA:79,1
DA:80,2
DA:81,2
DA:82,1
DA:83,2
DA:84,1
DA:87,1
DA:89,10
LF:44
LH:44
end_of_record
SF:lib\loan\class\loaner.dart
DA:2,1
DA:11,1
DA:12,2
DA:13,2
DA:14,2
DA:17,1
DA:18,1
DA:19,2
DA:20,2
DA:21,2
DA:25,1
DA:26,1
DA:27,1
DA:28,1
DA:29,1
DA:33,1
DA:34,1
DA:35,1
DA:36,1
DA:39,1
DA:41,4
LF:21
LH:21
end_of_record
SF:lib\login\class\create_account.dart
DA:13,1
DA:24,1
DA:25,2
DA:26,2
DA:27,2
DA:28,2
DA:29,3
DA:30,4
DA:31,2
DA:32,2
DA:35,1
DA:36,1
DA:37,2
DA:38,2
DA:39,2
DA:40,2
DA:41,3
DA:42,2
DA:43,2
DA:44,2
DA:48,1
DA:59,1
DA:60,1
DA:61,1
DA:62,1
DA:63,1
DA:64,1
DA:65,1
DA:66,1
DA:67,1
DA:71,1
DA:73,9
LF:32
LH:32
end_of_record
SF:lib\login\class\recover_request.dart
DA:5,1
DA:10,1
DA:11,2
DA:12,2
DA:15,1
DA:16,1
DA:17,2
DA:18,2
DA:22,1
DA:26,1
DA:27,1
DA:28,1
DA:32,1
DA:34,3
LF:14
LH:14
end_of_record
SF:lib\tools\providers\map_provider.dart
DA:5,2
DA:7,1
DA:8,1
DA:9,2
DA:10,1
DA:11,2
DA:13,2
DA:16,1
DA:17,2
DA:18,1
DA:19,1
DA:20,2
DA:21,2
DA:23,1
DA:24,1
DA:28,1
DA:29,3
DA:31,7
DA:32,4
DA:33,2
DA:35,1
DA:36,2
DA:38,1
DA:39,1
DA:45,1
DA:46,3
DA:47,1
DA:48,1
DA:49,2
DA:52,1
DA:53,2
DA:55,1
DA:56,1
DA:62,1
DA:63,3
DA:64,1
DA:65,2
DA:67,1
DA:68,2
DA:70,1
DA:71,1
LF:41
LH:41
end_of_record
SF:lib\tools\providers\toggle_map_provider.dart
DA:6,2
DA:8,1
DA:9,1
DA:10,2
DA:11,1
DA:12,3
DA:14,2
DA:17,1
DA:18,2
DA:19,1
DA:20,1
DA:21,3
DA:22,2
DA:24,1
DA:25,1
DA:29,1
DA:30,3
DA:31,1
DA:32,1
DA:33,6
DA:34,7
DA:35,2
DA:37,1
DA:38,2
DA:40,1
DA:41,1
DA:47,1
DA:48,3
DA:49,1
DA:50,1
DA:51,2
DA:52,2
DA:55,1
DA:56,5
DA:57,2
DA:59,1
DA:60,2
DA:62,1
DA:63,1
DA:69,1
DA:70,3
DA:71,1
DA:72,2
DA:74,4
DA:75,2
DA:77,1
DA:78,2
DA:80,1
DA:81,1
DA:87,1
DA:88,3
DA:89,1
DA:92,6
DA:93,2
DA:95,1
DA:97,1
LF:56
LH:56
end_of_record
SF:lib\version\class\version.dart
DA:2,1
DA:11,1
DA:12,2
DA:13,2
DA:14,2
DA:17,1
DA:18,1
DA:19,2
DA:20,2
DA:21,2
DA:25,1
LF:11
LH:11
end_of_record
SF:lib\vote\class\members.dart
DA:7,1
DA:14,1
DA:22,1
DA:23,1
DA:24,1
DA:25,1
DA:26,1
DA:27,1
DA:31,1
DA:33,1
DA:34,1
DA:35,1
DA:39,1
DA:40,1
DA:41,1
DA:42,2
DA:43,2
DA:44,2
DA:45,1
DA:46,2
DA:50,1
DA:51,1
DA:52,1
DA:53,1
DA:54,1
DA:55,1
DA:60,1
DA:61,1
DA:70,1
DA:72,6
LF:30
LH:30
end_of_record
SF:lib\vote\class\pretendance.dart
DA:17,1
DA:27,1
DA:36,1
DA:37,1
DA:38,1
DA:39,1
DA:40,1
DA:41,1
DA:42,1
DA:43,1
DA:47,1
DA:48,1
DA:49,1
DA:50,1
DA:51,1
DA:52,5
DA:53,3
DA:54,2
DA:55,1
DA:59,1
DA:60,1
DA:61,1
DA:62,1
DA:63,1
DA:64,2
DA:66,3
DA:67,2
DA:68,1
DA:72,1
DA:73,1
DA:74,1
DA:75,1
DA:76,1
DA:77,2
DA:78,2
DA:79,1
DA:82,1
DA:84,8
LF:38
LH:38
end_of_record
SF:lib\vote\class\result.dart
DA:5,1
DA:7,1
DA:8,2
DA:9,2
DA:12,1
DA:13,1
DA:14,2
DA:15,2
DA:19,1
DA:20,1
DA:21,1
DA:24,1
DA:26,3
LF:13
LH:13
end_of_record
SF:lib\vote\class\section.dart
DA:5,1
DA:11,1
DA:17,1
DA:18,1
DA:19,1
DA:20,1
DA:24,1
DA:25,1
DA:26,1
DA:27,1
DA:28,1
DA:32,1
DA:33,1
DA:34,1
DA:35,1
DA:36,1
DA:40,1
DA:41,1
DA:42,1
DA:43,1
DA:46,1
DA:48,4
LF:22
LH:22
end_of_record
SF:lib\vote\class\votes.dart
DA:4,1
DA:6,1
DA:7,1
DA:8,2
DA:12,1
DA:13,1
DA:16,1
DA:18,2
LF:8
LH:8
end_of_record
SF:lib\vote\repositories\status_repository.dart
DA:11,0
DA:12,0
DA:15,0
DA:17,0
DA:24,0
DA:26,0
DA:33,0
DA:35,0
DA:42,0
DA:44,0
DA:51,0
DA:53,0
LF:12
LH:0
end_of_record
SF:lib\vote\tools\functions.dart
DA:4,1
DA:6,1
DA:8,1
DA:10,1
DA:18,1
DA:20,1
DA:22,1
DA:24,1
DA:26,1
DA:28,1
DA:35,1
DA:37,1
DA:39,1
DA:41,1
DA:43,1
DA:45,1
LF:16
LH:16
end_of_record
